<?xml version="1.0" encoding="UTF-8"?>
<!-- Generated by org.testng.reporters.JUnitReportReporter -->
<testsuite hostname="WINDOWS-SBM5E6C" failures="0" tests="5" name="org.Selenium.GcReddy.batchNo32.LoginActions_MultipleData" time="55.880" errors="0" timestamp="2022-07-31T19:44:09 IST" skipped="0">
  <testcase classname="org.Selenium.GcReddy.batchNo32.LoginActions_MultipleData" name="Login_Runner_MultipleData" time="10.553"/>
  <system-out/>
  <testcase classname="org.Selenium.GcReddy.batchNo32.LoginActions_MultipleData" name="Login_Runner_MultipleData" time="11.303"/>
  <system-out/>
  <testcase classname="org.Selenium.GcReddy.batchNo32.LoginActions_MultipleData" name="Login_Runner_MultipleData" time="12.987"/>
  <system-out/>
  <testcase classname="org.Selenium.GcReddy.batchNo32.LoginActions_MultipleData" name="Login_Runner_MultipleData" time="10.531"/>
  <system-out/>
  <testcase classname="org.Selenium.GcReddy.batchNo32.LoginActions_MultipleData" name="Login_Runner_MultipleData" time="10.506"/>
  <system-out/>
</testsuite> <!-- org.Selenium.GcReddy.batchNo32.LoginActions_MultipleData -->
