<?xml version="1.0" encoding="UTF-8"?>
<!-- Generated by org.testng.reporters.JUnitReportReporter -->
<testsuite hostname="WINDOWS-SBM5E6C" failures="0" tests="3" name="org.Selenium.GcReddy.batchNo32.LoggerClass_Caller" time="0.378" errors="0" timestamp="2022-07-01T07:38:29 IST" skipped="0">
  <testcase classname="org.Selenium.GcReddy.batchNo32.LoggerClass_Caller" name="TestCase1" time="0.334"/>
  <system-out/>
  <testcase classname="org.Selenium.GcReddy.batchNo32.LoggerClass_Caller" name="userIDFieldValidation" time="0.022"/>
  <system-out/>
  <testcase classname="org.Selenium.GcReddy.batchNo32.LoggerClass_Caller" name="TestCase2" time="0.022"/>
  <system-out/>
</testsuite> <!-- org.Selenium.GcReddy.batchNo32.LoggerClass_Caller -->
