<?xml version="1.0" encoding="UTF-8"?>
<!-- Generated by org.testng.reporters.JUnitReportReporter -->
<testsuite skipped="0" hostname="WINDOWS-SBM5E6C" name="org.Selenium.GcReddy.batchNo32.LoginActions_PositiveData" tests="1" failures="0" timestamp="2022-08-08T07:53:39 IST" time="15.448" errors="0">
  <testcase name="Login_Runner_onlyPasitiveData" time="15.448" classname="org.Selenium.GcReddy.batchNo32.LoginActions_PositiveData"/>
  <system-out/>
</testsuite> <!-- org.Selenium.GcReddy.batchNo32.LoginActions_PositiveData -->
